make -C .githooks all
make[1]: Entering directory '/nfs-scratch/jtm2066/object-ir/dev/.githooks'
make[1]: Nothing to be done for 'all'.
make[1]: Leaving directory '/nfs-scratch/jtm2066/object-ir/dev/.githooks'
mkdir -p .build.dir
mkdir -p install
cmake -DCMAKE_C_COMPILER=`which clang` -DCMAKE_CXX_COMPILER=`which clang++` -S . -B .build.dir
-- LLVM IR Utils
-- Building with -fPIC
-- Linker detection: GNU ld
-- LLVM_DIR IS /project/extra/llvm/9.0.0/release/lib/cmake/llvm.
-- Configuring done
-- Generating done
-- Build files have been written to: /nfs-scratch/jtm2066/object-ir/dev/.build.dir
make -C .build.dir all -j8
make[1]: Entering directory '/nfs-scratch/jtm2066/object-ir/dev/.build.dir'
make[2]: Entering directory '/nfs-scratch/jtm2066/object-ir/dev/.build.dir'
make[3]: Entering directory '/nfs-scratch/jtm2066/object-ir/dev/.build.dir'
make[3]: Entering directory '/nfs-scratch/jtm2066/object-ir/dev/.build.dir'
make[3]: Entering directory '/nfs-scratch/jtm2066/object-ir/dev/.build.dir'
make[3]: Entering directory '/nfs-scratch/jtm2066/object-ir/dev/.build.dir'
make[3]: Entering directory '/nfs-scratch/jtm2066/object-ir/dev/.build.dir'
make[3]: Entering directory '/nfs-scratch/jtm2066/object-ir/dev/.build.dir'
make[3]: Entering directory '/nfs-scratch/jtm2066/object-ir/dev/.build.dir'
make[3]: Entering directory '/nfs-scratch/jtm2066/object-ir/dev/.build.dir'
make[3]: Leaving directory '/nfs-scratch/jtm2066/object-ir/dev/.build.dir'
Consolidate compiler generated dependencies of target memoir_library
make[3]: Leaving directory '/nfs-scratch/jtm2066/object-ir/dev/.build.dir'
[  5%] Built target memoir_bitcodes
[ 11%] Built target memoir_library
make[3]: Entering directory '/nfs-scratch/jtm2066/object-ir/dev/.build.dir'
Consolidate compiler generated dependencies of target Example
make[3]: Leaving directory '/nfs-scratch/jtm2066/object-ir/dev/.build.dir'
Consolidate compiler generated dependencies of target ObjectInlining
Consolidate compiler generated dependencies of target StructOfArrays
make[3]: Leaving directory '/nfs-scratch/jtm2066/object-ir/dev/.build.dir'
Consolidate compiler generated dependencies of target Normalization
make[3]: Leaving directory '/nfs-scratch/jtm2066/object-ir/dev/.build.dir'
make[3]: Leaving directory '/nfs-scratch/jtm2066/object-ir/dev/.build.dir'
Consolidate compiler generated dependencies of target ObjectLowering
make[3]: Leaving directory '/nfs-scratch/jtm2066/object-ir/dev/.build.dir'
Consolidate compiler generated dependencies of target ObjectAbstraction
make[3]: Leaving directory '/nfs-scratch/jtm2066/object-ir/dev/.build.dir'
make[3]: Entering directory '/nfs-scratch/jtm2066/object-ir/dev/.build.dir'
make[3]: Leaving directory '/nfs-scratch/jtm2066/object-ir/dev/.build.dir'
make[3]: Entering directory '/nfs-scratch/jtm2066/object-ir/dev/.build.dir'
make[3]: Entering directory '/nfs-scratch/jtm2066/object-ir/dev/.build.dir'
make[3]: Entering directory '/nfs-scratch/jtm2066/object-ir/dev/.build.dir'
make[3]: Entering directory '/nfs-scratch/jtm2066/object-ir/dev/.build.dir'
make[3]: Entering directory '/nfs-scratch/jtm2066/object-ir/dev/.build.dir'
[ 12%] Building CXX object compiler/passes/example/CMakeFiles/Example.dir/src/Pass.cpp.o
[ 12%] Building CXX object compiler/passes/example/CMakeFiles/Example.dir/__/common/analysis/src/AccessAnalysis.cpp.o
[ 13%] Building CXX object compiler/passes/object_inlining/CMakeFiles/ObjectInlining.dir/src/ObjectInlining.cpp.o
[ 16%] Building CXX object compiler/passes/normalization/CMakeFiles/Normalization.dir/src/Normalization.cpp.o
[ 19%] Built target memoir
[ 19%] Building CXX object compiler/passes/struct_of_arrays/CMakeFiles/StructOfArrays.dir/src/Pass.cpp.o
[ 20%] Building CXX object compiler/passes/object_lowering/CMakeFiles/ObjectLowering.dir/src/ObjectLowering.cpp.o
[ 21%] Building CXX object compiler/passes/object_abstraction/CMakeFiles/ObjectAbstraction.dir/src/FieldNode.cpp.o
[ 22%] Building CXX object compiler/passes/normalization/CMakeFiles/Normalization.dir/src/Normalization_runtime.cpp.o
[ 22%] Building CXX object compiler/passes/object_lowering/CMakeFiles/ObjectLowering.dir/src/Parser.cpp.o
[ 23%] Building CXX object compiler/passes/normalization/CMakeFiles/Normalization.dir/src/Pass.cpp.o
[ 24%] Building CXX object compiler/passes/object_abstraction/CMakeFiles/ObjectAbstraction.dir/src/ObjectAbstraction.cpp.o
/nfs-scratch/jtm2066/object-ir/dev/compiler/passes/object_lowering/src/ObjectLowering.cpp:63:31: error: 'getAllocationSummary' is a private member of 'llvm::memoir::AllocationAnalysis'
          auto res = allocAna.getAllocationSummary(*callins);
                              ^
/nfs-scratch/jtm2066/object-ir/dev/compiler/passes/common/analysis/AllocationAnalysis.hpp:72:22: note: declared private here
  AllocationSummary *getAllocationSummary(llvm::CallInst &call_inst);
                     ^
/nfs-scratch/jtm2066/object-ir/dev/compiler/passes/example/src/Pass.cpp:64:41: error: 'getAllocationSummary' is a private member of 'llvm::memoir::AllocationAnalysis'
                    allocation_analysis.getAllocationSummary(*call_inst)) {
                                        ^
/nfs-scratch/jtm2066/object-ir/dev/compiler/passes/common/analysis/AllocationAnalysis.hpp:72:22: note: declared private here
  AllocationSummary *getAllocationSummary(llvm::CallInst &call_inst);
                     ^
/nfs-scratch/jtm2066/object-ir/dev/compiler/passes/example/src/Pass.cpp:70:37: error: 'getAccessSummary' is a private member of 'llvm::memoir::AccessAnalysis'
                    access_analysis.getAccessSummary(*call_inst)) {
                    ~~~~~~~~~~~~~~~~^~~~~~~~~~~~~~~~
/nfs-scratch/jtm2066/object-ir/dev/compiler/passes/common/analysis/AccessAnalysis.hpp:89:18: note: declared private here
  AccessSummary *getAccessSummary(llvm::CallInst &call_inst);
                 ^
[ 25%] Building CXX object compiler/passes/struct_of_arrays/CMakeFiles/StructOfArrays.dir/src/StructOfArrays.cpp.o
[ 26%] Building CXX object compiler/passes/object_inlining/CMakeFiles/ObjectInlining.dir/src/Pass.cpp.o
1 error generated.
make[3]: *** [compiler/passes/object_lowering/CMakeFiles/ObjectLowering.dir/build.make:76: compiler/passes/object_lowering/CMakeFiles/ObjectLowering.dir/src/ObjectLowering.cpp.o] Error 1
make[3]: *** Waiting for unfinished jobs....
[ 27%] Building CXX object compiler/passes/object_inlining/CMakeFiles/ObjectInlining.dir/src/Utils.cpp.o
[ 28%] Building CXX object compiler/passes/object_abstraction/CMakeFiles/ObjectAbstraction.dir/src/ObjectNode.cpp.o
2 errors generated.
make[3]: *** [compiler/passes/example/CMakeFiles/Example.dir/build.make:76: compiler/passes/example/CMakeFiles/Example.dir/src/Pass.cpp.o] Error 1
make[3]: Leaving directory '/nfs-scratch/jtm2066/object-ir/dev/.build.dir'
make[2]: *** [CMakeFiles/Makefile2:821: compiler/passes/example/CMakeFiles/Example.dir/all] Error 2
make[2]: *** Waiting for unfinished jobs....
[ 28%] Building CXX object compiler/passes/struct_of_arrays/CMakeFiles/StructOfArrays.dir/src/Utils.cpp.o
[ 29%] Building CXX object compiler/passes/struct_of_arrays/CMakeFiles/StructOfArrays.dir/__/common/analysis/src/AccessAnalysis.cpp.o
[ 29%] Building CXX object compiler/passes/object_abstraction/CMakeFiles/ObjectAbstraction.dir/src/Pass.cpp.o
[ 30%] Building CXX object compiler/passes/normalization/CMakeFiles/Normalization.dir/__/common/analysis/src/AccessAnalysis.cpp.o
make[3]: Leaving directory '/nfs-scratch/jtm2066/object-ir/dev/.build.dir'
make[2]: *** [CMakeFiles/Makefile2:535: compiler/passes/object_lowering/CMakeFiles/ObjectLowering.dir/all] Error 2
[ 31%] Building CXX object compiler/passes/object_abstraction/CMakeFiles/ObjectAbstraction.dir/src/TypeNode.cpp.o
[ 32%] Building CXX object compiler/passes/object_abstraction/CMakeFiles/ObjectAbstraction.dir/src/Utils.cpp.o
[ 32%] Building CXX object compiler/passes/object_inlining/CMakeFiles/ObjectInlining.dir/__/common/analysis/src/AccessAnalysis.cpp.o
[ 33%] Building CXX object compiler/passes/object_abstraction/CMakeFiles/ObjectAbstraction.dir/__/common/analysis/src/AccessAnalysis.cpp.o
[ 34%] Building CXX object compiler/passes/normalization/CMakeFiles/Normalization.dir/__/common/analysis/src/AccessPrinter.cpp.o
[ 34%] Building CXX object compiler/passes/normalization/CMakeFiles/Normalization.dir/__/common/analysis/src/AccessSummary.cpp.o
[ 35%] Building CXX object compiler/passes/struct_of_arrays/CMakeFiles/StructOfArrays.dir/__/common/analysis/src/AccessPrinter.cpp.o
[ 36%] Building CXX object compiler/passes/normalization/CMakeFiles/Normalization.dir/__/common/analysis/src/AllocationAnalysis.cpp.o
[ 37%] Building CXX object compiler/passes/object_abstraction/CMakeFiles/ObjectAbstraction.dir/__/common/analysis/src/AccessPrinter.cpp.o
[ 37%] Building CXX object compiler/passes/object_abstraction/CMakeFiles/ObjectAbstraction.dir/__/common/analysis/src/AccessSummary.cpp.o
[ 38%] Building CXX object compiler/passes/object_inlining/CMakeFiles/ObjectInlining.dir/__/common/analysis/src/AccessPrinter.cpp.o
[ 39%] Building CXX object compiler/passes/object_inlining/CMakeFiles/ObjectInlining.dir/__/common/analysis/src/AccessSummary.cpp.o
[ 40%] Building CXX object compiler/passes/object_inlining/CMakeFiles/ObjectInlining.dir/__/common/analysis/src/AllocationAnalysis.cpp.o
[ 41%] Building CXX object compiler/passes/struct_of_arrays/CMakeFiles/StructOfArrays.dir/__/common/analysis/src/AccessSummary.cpp.o
[ 42%] Building CXX object compiler/passes/object_abstraction/CMakeFiles/ObjectAbstraction.dir/__/common/analysis/src/AllocationAnalysis.cpp.o
[ 43%] Building CXX object compiler/passes/normalization/CMakeFiles/Normalization.dir/__/common/analysis/src/AllocationPrinter.cpp.o
[ 44%] Building CXX object compiler/passes/object_abstraction/CMakeFiles/ObjectAbstraction.dir/__/common/analysis/src/AllocationPrinter.cpp.o
[ 45%] Building CXX object compiler/passes/struct_of_arrays/CMakeFiles/StructOfArrays.dir/__/common/analysis/src/AllocationAnalysis.cpp.o
[ 45%] Building CXX object compiler/passes/struct_of_arrays/CMakeFiles/StructOfArrays.dir/__/common/analysis/src/AllocationPrinter.cpp.o
[ 46%] Building CXX object compiler/passes/struct_of_arrays/CMakeFiles/StructOfArrays.dir/__/common/analysis/src/AllocationSummary.cpp.o
[ 47%] Building CXX object compiler/passes/object_inlining/CMakeFiles/ObjectInlining.dir/__/common/analysis/src/AllocationPrinter.cpp.o
[ 48%] Building CXX object compiler/passes/object_abstraction/CMakeFiles/ObjectAbstraction.dir/__/common/analysis/src/AllocationSummary.cpp.o
[ 49%] Building CXX object compiler/passes/normalization/CMakeFiles/Normalization.dir/__/common/analysis/src/AllocationSummary.cpp.o
[ 50%] Building CXX object compiler/passes/normalization/CMakeFiles/Normalization.dir/__/common/analysis/src/FieldPrinter.cpp.o
[ 50%] Building CXX object compiler/passes/object_inlining/CMakeFiles/ObjectInlining.dir/__/common/analysis/src/AllocationSummary.cpp.o
[ 51%] Building CXX object compiler/passes/struct_of_arrays/CMakeFiles/StructOfArrays.dir/__/common/analysis/src/FieldPrinter.cpp.o
[ 52%] Building CXX object compiler/passes/object_inlining/CMakeFiles/ObjectInlining.dir/__/common/analysis/src/FieldPrinter.cpp.o
[ 53%] Building CXX object compiler/passes/object_abstraction/CMakeFiles/ObjectAbstraction.dir/__/common/analysis/src/FieldPrinter.cpp.o
[ 54%] Building CXX object compiler/passes/object_inlining/CMakeFiles/ObjectInlining.dir/__/common/analysis/src/FieldSummary.cpp.o
[ 54%] Building CXX object compiler/passes/object_abstraction/CMakeFiles/ObjectAbstraction.dir/__/common/analysis/src/FieldSummary.cpp.o
[ 55%] Building CXX object compiler/passes/object_abstraction/CMakeFiles/ObjectAbstraction.dir/__/common/analysis/src/TypeAnalysis.cpp.o
[ 55%] Building CXX object compiler/passes/normalization/CMakeFiles/Normalization.dir/__/common/analysis/src/FieldSummary.cpp.o
[ 56%] Building CXX object compiler/passes/normalization/CMakeFiles/Normalization.dir/__/common/analysis/src/TypeAnalysis.cpp.o
[ 57%] Building CXX object compiler/passes/struct_of_arrays/CMakeFiles/StructOfArrays.dir/__/common/analysis/src/FieldSummary.cpp.o
[ 58%] Building CXX object compiler/passes/normalization/CMakeFiles/Normalization.dir/__/common/analysis/src/TypePrinter.cpp.o
[ 59%] Building CXX object compiler/passes/object_inlining/CMakeFiles/ObjectInlining.dir/__/common/analysis/src/TypeAnalysis.cpp.o
[ 60%] Building CXX object compiler/passes/normalization/CMakeFiles/Normalization.dir/__/common/analysis/src/TypeSummary.cpp.o
[ 61%] Building CXX object compiler/passes/struct_of_arrays/CMakeFiles/StructOfArrays.dir/__/common/analysis/src/TypeAnalysis.cpp.o
[ 61%] Building CXX object compiler/passes/struct_of_arrays/CMakeFiles/StructOfArrays.dir/__/common/analysis/src/TypePrinter.cpp.o
[ 62%] Building CXX object compiler/passes/object_abstraction/CMakeFiles/ObjectAbstraction.dir/__/common/analysis/src/TypePrinter.cpp.o
[ 63%] Building CXX object compiler/passes/struct_of_arrays/CMakeFiles/StructOfArrays.dir/__/common/analysis/src/TypeSummary.cpp.o
[ 64%] Building CXX object compiler/passes/normalization/CMakeFiles/Normalization.dir/__/common/utility/src/FunctionNames.cpp.o
[ 65%] Building CXX object compiler/passes/struct_of_arrays/CMakeFiles/StructOfArrays.dir/__/common/utility/src/FunctionNames.cpp.o
[ 65%] Building CXX object compiler/passes/normalization/CMakeFiles/Normalization.dir/__/common/utility/src/Metadata.cpp.o
[ 66%] Building CXX object compiler/passes/object_abstraction/CMakeFiles/ObjectAbstraction.dir/__/common/analysis/src/TypeSummary.cpp.o
[ 67%] Building CXX object compiler/passes/object_inlining/CMakeFiles/ObjectInlining.dir/__/common/analysis/src/TypePrinter.cpp.o
[ 68%] Building CXX object compiler/passes/struct_of_arrays/CMakeFiles/StructOfArrays.dir/__/common/utility/src/Metadata.cpp.o
[ 68%] Building CXX object compiler/passes/object_inlining/CMakeFiles/ObjectInlining.dir/__/common/analysis/src/TypeSummary.cpp.o
[ 69%] Building CXX object compiler/passes/object_abstraction/CMakeFiles/ObjectAbstraction.dir/__/common/utility/src/FunctionNames.cpp.o
[ 70%] Building CXX object compiler/passes/object_inlining/CMakeFiles/ObjectInlining.dir/__/common/utility/src/FunctionNames.cpp.o
[ 71%] Building CXX object compiler/passes/object_inlining/CMakeFiles/ObjectInlining.dir/__/common/utility/src/Metadata.cpp.o
[ 72%] Linking CXX shared module ../../../../install/lib/Normalization.so
make[3]: Leaving directory '/nfs-scratch/jtm2066/object-ir/dev/.build.dir'
[ 72%] Built target Normalization
[ 72%] Building CXX object compiler/passes/object_abstraction/CMakeFiles/ObjectAbstraction.dir/__/common/utility/src/Metadata.cpp.o
[ 73%] Linking CXX shared module ../../../../install/lib/StructOfArrays.so
make[3]: Leaving directory '/nfs-scratch/jtm2066/object-ir/dev/.build.dir'
[ 73%] Built target StructOfArrays
[ 74%] Linking CXX shared module ../../../../install/lib/ObjectInlining.so
make[3]: Leaving directory '/nfs-scratch/jtm2066/object-ir/dev/.build.dir'
[ 74%] Built target ObjectInlining
[ 75%] Linking CXX shared module ../../../../install/lib/ObjectAbstraction.so
make[3]: Leaving directory '/nfs-scratch/jtm2066/object-ir/dev/.build.dir'
[ 75%] Built target ObjectAbstraction
make[2]: Leaving directory '/nfs-scratch/jtm2066/object-ir/dev/.build.dir'
make[1]: *** [Makefile:136: all] Error 2
make[1]: Leaving directory '/nfs-scratch/jtm2066/object-ir/dev/.build.dir'
make: *** [Makefile:15: build] Error 2
