make: Entering directory '/nfs-scratch/jtm2066/object-ir/dev'
make -C .githooks all
make[1]: Entering directory '/nfs-scratch/jtm2066/object-ir/dev/.githooks'
make[1]: Nothing to be done for 'all'.
make[1]: Leaving directory '/nfs-scratch/jtm2066/object-ir/dev/.githooks'
mkdir -p .build.dir
mkdir -p install
cmake -DCMAKE_C_COMPILER=`which clang` -DCMAKE_CXX_COMPILER=`which clang++` -S . -B .build.dir
-- LLVM IR Utils
-- Building with -fPIC
-- Linker detection: GNU ld
-- LLVM_DIR IS /project/extra/llvm/9.0.0/release/lib/cmake/llvm.
-- Configuring done
-- Generating done
-- Build files have been written to: /nfs-scratch/jtm2066/object-ir/dev/.build.dir
make -C .build.dir all -j8
make[1]: Entering directory '/nfs-scratch/jtm2066/object-ir/dev/.build.dir'
make[2]: Entering directory '/nfs-scratch/jtm2066/object-ir/dev/.build.dir'
make[3]: Entering directory '/nfs-scratch/jtm2066/object-ir/dev/.build.dir'
make[3]: Entering directory '/nfs-scratch/jtm2066/object-ir/dev/.build.dir'
make[3]: Entering directory '/nfs-scratch/jtm2066/object-ir/dev/.build.dir'
make[3]: Entering directory '/nfs-scratch/jtm2066/object-ir/dev/.build.dir'
make[3]: Entering directory '/nfs-scratch/jtm2066/object-ir/dev/.build.dir'
make[3]: Entering directory '/nfs-scratch/jtm2066/object-ir/dev/.build.dir'
make[3]: Entering directory '/nfs-scratch/jtm2066/object-ir/dev/.build.dir'
make[3]: Entering directory '/nfs-scratch/jtm2066/object-ir/dev/.build.dir'
make[3]: Leaving directory '/nfs-scratch/jtm2066/object-ir/dev/.build.dir'
Consolidate compiler generated dependencies of target memoir_library
make[3]: Leaving directory '/nfs-scratch/jtm2066/object-ir/dev/.build.dir'
Consolidate compiler generated dependencies of target Example
make[3]: Leaving directory '/nfs-scratch/jtm2066/object-ir/dev/.build.dir'
Consolidate compiler generated dependencies of target ObjectInlining
Consolidate compiler generated dependencies of target StructOfArrays
make[3]: Leaving directory '/nfs-scratch/jtm2066/object-ir/dev/.build.dir'
Consolidate compiler generated dependencies of target Normalization
make[3]: Leaving directory '/nfs-scratch/jtm2066/object-ir/dev/.build.dir'
make[3]: Leaving directory '/nfs-scratch/jtm2066/object-ir/dev/.build.dir'
[ 10%] Built target memoir_bitcodes
Consolidate compiler generated dependencies of target ObjectLowering
make[3]: Leaving directory '/nfs-scratch/jtm2066/object-ir/dev/.build.dir'
make[3]: Entering directory '/nfs-scratch/jtm2066/object-ir/dev/.build.dir'
Consolidate compiler generated dependencies of target ObjectAbstraction
make[3]: Leaving directory '/nfs-scratch/jtm2066/object-ir/dev/.build.dir'
[ 22%] Built target memoir_library
make[3]: Entering directory '/nfs-scratch/jtm2066/object-ir/dev/.build.dir'
[ 23%] Building CXX object compiler/passes/example/CMakeFiles/Example.dir/src/Pass.cpp.o
[ 45%] Built target ObjectInlining
[ 52%] Built target StructOfArrays
[ 54%] Built target Normalization
[ 67%] Built target ObjectLowering
make[3]: Leaving directory '/nfs-scratch/jtm2066/object-ir/dev/.build.dir'
[ 83%] Built target ObjectAbstraction
[ 94%] Built target memoir
/nfs-scratch/jtm2066/object-ir/dev/compiler/passes/example/src/Pass.cpp:39:11: error: reference to 'MetadataManager' is ambiguous
      if (MetadataManager::hasMetadata(F, MetadataType::INTERNAL)) {
          ^
/nfs-scratch/jtm2066/object-ir/dev/compiler/noelle/install/include/noelle/core/MetadataManager.hpp:19:9: note: candidate found by name lookup is 'llvm::noelle::MetadataManager'
  class MetadataManager {
        ^
/nfs-scratch/jtm2066/object-ir/dev/compiler/passes/common/utility/Metadata.hpp:28:7: note: candidate found by name lookup is 'llvm::memoir::MetadataManager'
class MetadataManager {
      ^
/nfs-scratch/jtm2066/object-ir/dev/compiler/passes/example/src/Pass.cpp:58:22: error: invalid operands to binary expression ('llvm::raw_ostream' and 'llvm::memoir::TypeSummary')
              errs() << *type_summary << "\n\n";
              ~~~~~~ ^  ~~~~~~~~~~~~~
/project/extra/llvm/9.0.0/release/include/llvm/Support/raw_ostream.h:202:16: note: candidate function not viable: no known conversion from 'llvm::memoir::TypeSummary' to 'const void *' for 1st argument; remove *
  raw_ostream &operator<<(const void *P);
               ^
/project/extra/llvm/9.0.0/release/include/llvm/ADT/Optional.h:415:14: note: candidate function not viable: no known conversion from 'llvm::memoir::TypeSummary' to 'llvm::NoneType' for 2nd argument
raw_ostream &operator<<(raw_ostream &OS, NoneType);
             ^
/usr/lib/gcc/x86_64-redhat-linux/8/../../../../include/c++/8/cstddef:124:5: note: candidate function template not viable: no known conversion from 'llvm::raw_ostream' to 'std::byte' for 1st argument
    operator<<(byte __b, _IntegerType __shift) noexcept
    ^
/project/extra/llvm/9.0.0/release/include/llvm/ADT/Twine.h:535:23: note: candidate function not viable: no known conversion from 'llvm::memoir::TypeSummary' to 'const llvm::Twine' for 2nd argument
  inline raw_ostream &operator<<(raw_ostream &OS, const Twine &RHS) {
                      ^
/project/extra/llvm/9.0.0/release/include/llvm/IR/Value.h:705:21: note: candidate function not viable: no known conversion from 'llvm::memoir::TypeSummary' to 'const llvm::Value' for 2nd argument
inline raw_ostream &operator<<(raw_ostream &OS, const Value &V) {
                    ^
/project/extra/llvm/9.0.0/release/include/llvm/Support/raw_ostream.h:146:16: note: candidate function not viable: no known conversion from 'llvm::memoir::TypeSummary' to 'char' for 1st argument
  raw_ostream &operator<<(char C) {
               ^
/project/extra/llvm/9.0.0/release/include/llvm/Support/raw_ostream.h:153:16: note: candidate function not viable: no known conversion from 'llvm::memoir::TypeSummary' to 'unsigned char' for 1st argument
  raw_ostream &operator<<(unsigned char C) {
               ^
/project/extra/llvm/9.0.0/release/include/llvm/Support/raw_ostream.h:160:16: note: candidate function not viable: no known conversion from 'llvm::memoir::TypeSummary' to 'signed char' for 1st argument
  raw_ostream &operator<<(signed char C) {
               ^
/project/extra/llvm/9.0.0/release/include/llvm/Support/raw_ostream.h:167:16: note: candidate function not viable: no known conversion from 'llvm::memoir::TypeSummary' to 'llvm::StringRef' for 1st argument
  raw_ostream &operator<<(StringRef Str) {
               ^
/project/extra/llvm/9.0.0/release/include/llvm/Support/raw_ostream.h:182:16: note: candidate function not viable: no known conversion from 'llvm::memoir::TypeSummary' to 'const char *' for 1st argument
  raw_ostream &operator<<(const char *Str) {
               ^
/project/extra/llvm/9.0.0/release/include/llvm/Support/raw_ostream.h:189:16: note: candidate function not viable: no known conversion from 'llvm::memoir::TypeSummary' to 'const std::string' (aka 'const basic_string<char>') for 1st argument
  raw_ostream &operator<<(const std::string &Str) {
               ^
/project/extra/llvm/9.0.0/release/include/llvm/Support/raw_ostream.h:194:16: note: candidate function not viable: no known conversion from 'llvm::memoir::TypeSummary' to 'const SmallVectorImpl<char>' for 1st argument
  raw_ostream &operator<<(const SmallVectorImpl<char> &Str) {
               ^
/project/extra/llvm/9.0.0/release/include/llvm/Support/raw_ostream.h:198:16: note: candidate function not viable: no known conversion from 'llvm::memoir::TypeSummary' to 'unsigned long' for 1st argument
  raw_ostream &operator<<(unsigned long N);
               ^
/project/extra/llvm/9.0.0/release/include/llvm/Support/raw_ostream.h:199:16: note: candidate function not viable: no known conversion from 'llvm::memoir::TypeSummary' to 'long' for 1st argument
  raw_ostream &operator<<(long N);
               ^
/project/extra/llvm/9.0.0/release/include/llvm/Support/raw_ostream.h:200:16: note: candidate function not viable: no known conversion from 'llvm::memoir::TypeSummary' to 'unsigned long long' for 1st argument
  raw_ostream &operator<<(unsigned long long N);
               ^
/project/extra/llvm/9.0.0/release/include/llvm/Support/raw_ostream.h:201:16: note: candidate function not viable: no known conversion from 'llvm::memoir::TypeSummary' to 'long long' for 1st argument
  raw_ostream &operator<<(long long N);
               ^
/project/extra/llvm/9.0.0/release/include/llvm/Support/raw_ostream.h:204:16: note: candidate function not viable: no known conversion from 'llvm::memoir::TypeSummary' to 'unsigned int' for 1st argument
  raw_ostream &operator<<(unsigned int N) {
               ^
/project/extra/llvm/9.0.0/release/include/llvm/Support/raw_ostream.h:208:16: note: candidate function not viable: no known conversion from 'llvm::memoir::TypeSummary' to 'int' for 1st argument
  raw_ostream &operator<<(int N) {
               ^
/project/extra/llvm/9.0.0/release/include/llvm/Support/raw_ostream.h:212:16: note: candidate function not viable: no known conversion from 'llvm::memoir::TypeSummary' to 'double' for 1st argument
  raw_ostream &operator<<(double N);
               ^
/project/extra/llvm/9.0.0/release/include/llvm/Support/raw_ostream.h:229:16: note: candidate function not viable: no known conversion from 'llvm::memoir::TypeSummary' to 'const llvm::format_object_base' for 1st argument
  raw_ostream &operator<<(const format_object_base &Fmt);
               ^
/project/extra/llvm/9.0.0/release/include/llvm/Support/raw_ostream.h:232:16: note: candidate function not viable: no known conversion from 'llvm::memoir::TypeSummary' to 'const llvm::FormattedString' for 1st argument
  raw_ostream &operator<<(const FormattedString &);
               ^
/project/extra/llvm/9.0.0/release/include/llvm/Support/raw_ostream.h:235:16: note: candidate function not viable: no known conversion from 'llvm::memoir::TypeSummary' to 'const llvm::FormattedNumber' for 1st argument
  raw_ostream &operator<<(const FormattedNumber &);
               ^
/project/extra/llvm/9.0.0/release/include/llvm/Support/raw_ostream.h:238:16: note: candidate function not viable: no known conversion from 'llvm::memoir::TypeSummary' to 'const llvm::formatv_object_base' for 1st argument
  raw_ostream &operator<<(const formatv_object_base &);
               ^
/project/extra/llvm/9.0.0/release/include/llvm/Support/raw_ostream.h:241:16: note: candidate function not viable: no known conversion from 'llvm::memoir::TypeSummary' to 'const llvm::FormattedBytes' for 1st argument
  raw_ostream &operator<<(const FormattedBytes &);
               ^
/project/extra/llvm/9.0.0/release/include/llvm/IR/Metadata.h:161:21: note: candidate function not viable: no known conversion from 'llvm::memoir::TypeSummary' to 'const llvm::Metadata' for 2nd argument
inline raw_ostream &operator<<(raw_ostream &OS, const Metadata &MD) {
                    ^
/project/extra/llvm/9.0.0/release/include/llvm/ADT/APInt.h:2038:21: note: candidate function not viable: no known conversion from 'llvm::memoir::TypeSummary' to 'const llvm::APInt' for 2nd argument
inline raw_ostream &operator<<(raw_ostream &OS, const APInt &I) {
                    ^
/project/extra/llvm/9.0.0/release/include/llvm/IR/Type.h:458:21: note: candidate function not viable: no known conversion from 'llvm::memoir::TypeSummary' to 'const llvm::Type' for 2nd argument
inline raw_ostream &operator<<(raw_ostream &OS, const Type &T) {
                    ^
/project/extra/llvm/9.0.0/release/include/llvm/IR/Comdat.h:63:21: note: candidate function not viable: no known conversion from 'llvm::memoir::TypeSummary' to 'const llvm::Comdat' for 2nd argument
inline raw_ostream &operator<<(raw_ostream &OS, const Comdat &C) {
                    ^
/project/extra/llvm/9.0.0/release/include/llvm/IR/Module.h:908:21: note: candidate function not viable: no known conversion from 'llvm::memoir::TypeSummary' to 'const llvm::Module' for 2nd argument
inline raw_ostream &operator<<(raw_ostream &O, const Module &M) {
                    ^
/project/extra/llvm/9.0.0/release/include/llvm/Analysis/MemoryLocation.h:160:21: note: candidate function not viable: no known conversion from 'llvm::memoir::TypeSummary' to 'llvm::LocationSize' for 2nd argument
inline raw_ostream &operator<<(raw_ostream &OS, LocationSize Size) {
                    ^
/project/extra/llvm/9.0.0/release/include/llvm/Analysis/AliasAnalysis.h:94:14: note: candidate function not viable: no known conversion from 'llvm::memoir::TypeSummary' to 'llvm::AliasResult' for 2nd argument
raw_ostream &operator<<(raw_ostream &OS, AliasResult AR);
             ^
/project/extra/llvm/9.0.0/release/include/llvm/Support/BranchProbability.h:200:21: note: candidate function not viable: no known conversion from 'llvm::memoir::TypeSummary' to 'llvm::BranchProbability' for 2nd argument
inline raw_ostream &operator<<(raw_ostream &OS, BranchProbability Prob) {
                    ^
/project/extra/llvm/9.0.0/release/include/llvm/Support/Chrono.h:59:14: note: candidate function not viable: no known conversion from 'llvm::memoir::TypeSummary' to 'sys::TimePoint<>' (aka 'time_point<std::chrono::system_clock, std::chrono::duration<long, std::ratio<1, 1000000000> > >') for 2nd argument
raw_ostream &operator<<(raw_ostream &OS, sys::TimePoint<> TP);
             ^
/project/extra/llvm/9.0.0/release/include/llvm/IR/ConstantRange.h:459:21: note: candidate function not viable: no known conversion from 'llvm::memoir::TypeSummary' to 'const llvm::ConstantRange' for 2nd argument
inline raw_ostream &operator<<(raw_ostream &OS, const ConstantRange &CR) {
                    ^
/project/extra/llvm/9.0.0/release/include/llvm/Analysis/ScalarEvolution.h:180:21: note: candidate function not viable: no known conversion from 'llvm::memoir::TypeSummary' to 'const llvm::SCEV' for 2nd argument
inline raw_ostream &operator<<(raw_ostream &OS, const SCEV &S) {
                    ^
/project/extra/llvm/9.0.0/release/include/llvm/Analysis/ScalarEvolution.h:239:21: note: candidate function not viable: no known conversion from 'llvm::memoir::TypeSummary' to 'const llvm::SCEVPredicate' for 2nd argument
inline raw_ostream &operator<<(raw_ostream &OS, const SCEVPredicate &P) {
                    ^
/nfs-scratch/jtm2066/object-ir/dev/compiler/passes/common/analysis/TypeAnalysis.hpp:99:24: note: candidate function not viable: no known conversion from 'llvm::raw_ostream' to 'std::ostream &' (aka 'basic_ostream<char> &') for 1st argument
  friend std::ostream &operator<<(std::ostream &os, const TypeSummary &ts);
                       ^
/project/extra/llvm/9.0.0/release/include/llvm/ADT/Optional.h:419:14: note: candidate template ignored: could not match 'Optional<type-parameter-0-0>' against 'llvm::memoir::TypeSummary'
raw_ostream &operator<<(raw_ostream &OS, const Optional<T> &O) {
             ^
/usr/lib/gcc/x86_64-redhat-linux/8/../../../../include/c++/8/system_error:217:5: note: candidate template ignored: could not match 'basic_ostream<type-parameter-0-0, type-parameter-0-1>' against 'llvm::raw_ostream'
    operator<<(basic_ostream<_CharT, _Traits>& __os, const error_code& __e)
    ^
/usr/lib/gcc/x86_64-redhat-linux/8/../../../../include/c++/8/ostream:500:5: note: candidate template ignored: could not match 'basic_ostream<type-parameter-0-0, type-parameter-0-1>' against 'llvm::raw_ostream'
    operator<<(basic_ostream<_CharT, _Traits>& __out, _CharT __c)
    ^
/usr/lib/gcc/x86_64-redhat-linux/8/../../../../include/c++/8/ostream:505:5: note: candidate template ignored: could not match 'basic_ostream<type-parameter-0-0, type-parameter-0-1>' against 'llvm::raw_ostream'
    operator<<(basic_ostream<_CharT, _Traits>& __out, char __c)
    ^
/usr/lib/gcc/x86_64-redhat-linux/8/../../../../include/c++/8/ostream:511:5: note: candidate template ignored: could not match 'basic_ostream<char, type-parameter-0-0>' against 'llvm::raw_ostream'
    operator<<(basic_ostream<char, _Traits>& __out, char __c)
    ^
/usr/lib/gcc/x86_64-redhat-linux/8/../../../../include/c++/8/ostream:517:5: note: candidate template ignored: could not match 'basic_ostream<char, type-parameter-0-0>' against 'llvm::raw_ostream'
    operator<<(basic_ostream<char, _Traits>& __out, signed char __c)
    ^
/usr/lib/gcc/x86_64-redhat-linux/8/../../../../include/c++/8/ostream:522:5: note: candidate template ignored: could not match 'basic_ostream<char, type-parameter-0-0>' against 'llvm::raw_ostream'
    operator<<(basic_ostream<char, _Traits>& __out, unsigned char __c)
    ^
/usr/lib/gcc/x86_64-redhat-linux/8/../../../../include/c++/8/ostream:542:5: note: candidate template ignored: could not match 'basic_ostream<type-parameter-0-0, type-parameter-0-1>' against 'llvm::raw_ostream'
    operator<<(basic_ostream<_CharT, _Traits>& __out, const _CharT* __s)
    ^
/usr/lib/gcc/x86_64-redhat-linux/8/../../../../include/c++/8/ostream:559:5: note: candidate template ignored: could not match 'basic_ostream<char, type-parameter-0-0>' against 'llvm::raw_ostream'
    operator<<(basic_ostream<char, _Traits>& __out, const char* __s)
    ^
/usr/lib/gcc/x86_64-redhat-linux/8/../../../../include/c++/8/ostream:572:5: note: candidate template ignored: could not match 'basic_ostream<char, type-parameter-0-0>' against 'llvm::raw_ostream'
    operator<<(basic_ostream<char, _Traits>& __out, const signed char* __s)
    ^
/usr/lib/gcc/x86_64-redhat-linux/8/../../../../include/c++/8/ostream:577:5: note: candidate template ignored: could not match 'basic_ostream<char, type-parameter-0-0>' against 'llvm::raw_ostream'
    operator<<(basic_ostream<char, _Traits>& __out, const unsigned char* __s)
    ^
/usr/lib/gcc/x86_64-redhat-linux/8/../../../../include/c++/8/bits/ostream.tcc:321:5: note: candidate template ignored: could not match 'basic_ostream<type-parameter-0-0, type-parameter-0-1>' against 'llvm::raw_ostream'
    operator<<(basic_ostream<_CharT, _Traits>& __out, const char* __s)
    ^
/project/extra/llvm/9.0.0/release/include/llvm/Support/GenericDomTree.h:167:14: note: candidate template ignored: could not match 'const DomTreeNodeBase<NodeT> *' against 'llvm::memoir::TypeSummary'
raw_ostream &operator<<(raw_ostream &O, const DomTreeNodeBase<NodeT> *Node) {
             ^
/usr/lib/gcc/x86_64-redhat-linux/8/../../../../include/c++/8/ostream:685:5: note: candidate template ignored: requirement '__and_<std::__not_<std::is_lvalue_reference<llvm::raw_ostream &> >, std::__is_convertible_to_basic_ostream<llvm::raw_ostream &>, std::__is_insertable<void, const llvm::memoir::TypeSummary &, void> >::value' was not satisfied [with _Ostream = llvm::raw_ostream &, _Tp = llvm::memoir::TypeSummary]
    operator<<(_Ostream&& __os, const _Tp& __x)
    ^
/project/extra/llvm/9.0.0/release/include/llvm/IR/DiagnosticInfo.h:531:1: note: candidate template ignored: requirement 'std::is_base_of<llvm::DiagnosticInfoOptimizationBase, llvm::raw_ostream>::value' was not satisfied [with RemarkT = llvm::raw_ostream]
operator<<(RemarkT &R,
^
/project/extra/llvm/9.0.0/release/include/llvm/IR/DiagnosticInfo.h:543:1: note: candidate template ignored: requirement 'std::is_base_of<llvm::DiagnosticInfoOptimizationBase, llvm::raw_ostream &>::value' was not satisfied [with RemarkT = llvm::raw_ostream &]
operator<<(RemarkT &&R,
^
/project/extra/llvm/9.0.0/release/include/llvm/IR/DiagnosticInfo.h:553:1: note: candidate template ignored: requirement 'std::is_base_of<llvm::DiagnosticInfoOptimizationBase, llvm::raw_ostream>::value' was not satisfied [with RemarkT = llvm::raw_ostream]
operator<<(RemarkT &R,
^
/project/extra/llvm/9.0.0/release/include/llvm/IR/DiagnosticInfo.h:563:1: note: candidate template ignored: requirement 'std::is_base_of<llvm::DiagnosticInfoOptimizationBase, llvm::raw_ostream &>::value' was not satisfied [with RemarkT = llvm::raw_ostream &]
operator<<(RemarkT &&R,
^
/project/extra/llvm/9.0.0/release/include/llvm/IR/DiagnosticInfo.h:573:1: note: candidate template ignored: requirement 'std::is_base_of<llvm::DiagnosticInfoOptimizationBase, llvm::raw_ostream>::value' was not satisfied [with RemarkT = llvm::raw_ostream]
operator<<(RemarkT &R,
^
/project/extra/llvm/9.0.0/release/include/llvm/IR/DiagnosticInfo.h:583:1: note: candidate template ignored: requirement 'std::is_base_of<llvm::DiagnosticInfoOptimizationBase, llvm::raw_ostream &>::value' was not satisfied [with RemarkT = llvm::raw_ostream &]
operator<<(RemarkT &&R,
^
/project/extra/llvm/9.0.0/release/include/llvm/IR/DiagnosticInfo.h:593:1: note: candidate template ignored: requirement 'std::is_base_of<llvm::DiagnosticInfoOptimizationBase, llvm::raw_ostream>::value' was not satisfied [with RemarkT = llvm::raw_ostream]
operator<<(RemarkT &R,
^
/usr/lib/gcc/x86_64-redhat-linux/8/../../../../include/c++/8/string_view:542:5: note: candidate template ignored: could not match 'basic_ostream<type-parameter-0-0, type-parameter-0-1>' against 'llvm::raw_ostream'
    operator<<(basic_ostream<_CharT, _Traits>& __os,
    ^
/usr/lib/gcc/x86_64-redhat-linux/8/../../../../include/c++/8/bits/basic_string.h:6327:5: note: candidate template ignored: could not match 'basic_ostream<type-parameter-0-0, type-parameter-0-1>' against 'llvm::raw_ostream'
    operator<<(basic_ostream<_CharT, _Traits>& __os,
    ^
/usr/lib/gcc/x86_64-redhat-linux/8/../../../../include/c++/8/bits/shared_ptr.h:66:5: note: candidate template ignored: could not match 'basic_ostream<type-parameter-0-0, type-parameter-0-1>' against 'llvm::raw_ostream'
    operator<<(std::basic_ostream<_Ch, _Tr>& __os,
    ^
/usr/lib/gcc/x86_64-redhat-linux/8/../../../../include/c++/8/bitset:1534:5: note: candidate template ignored: could not match 'basic_ostream<type-parameter-0-0, type-parameter-0-1>' against 'llvm::raw_ostream'
    operator<<(std::basic_ostream<_CharT, _Traits>& __os,
    ^
/usr/lib/gcc/x86_64-redhat-linux/8/../../../../include/c++/8/thread:323:5: note: candidate template ignored: could not match 'basic_ostream<type-parameter-0-0, type-parameter-0-1>' against 'llvm::raw_ostream'
    operator<<(basic_ostream<_CharT, _Traits>& __out, thread::id __id)
    ^
/project/extra/llvm/9.0.0/release/include/llvm/Analysis/LoopInfo.h:496:14: note: candidate template ignored: could not match 'LoopBase<type-parameter-0-0, type-parameter-0-1>' against 'llvm::memoir::TypeSummary'
raw_ostream &operator<<(raw_ostream &OS, const LoopBase<BlockT, LoopT> &Loop) {
             ^
/nfs-scratch/jtm2066/object-ir/dev/compiler/passes/example/src/Pass.cpp:64:26: error: use of undeclared identifier 'allocation_summary'
              errs() << *allocation_summary << "\n\n";
                         ^
/nfs-scratch/jtm2066/object-ir/dev/compiler/passes/example/src/Pass.cpp:70:22: error: invalid operands to binary expression ('llvm::raw_ostream' and 'llvm::memoir::AccessSummary')
              errs() << *access_summary << "\n\n";
              ~~~~~~ ^  ~~~~~~~~~~~~~~~
/project/extra/llvm/9.0.0/release/include/llvm/Support/raw_ostream.h:202:16: note: candidate function not viable: no known conversion from 'llvm::memoir::AccessSummary' to 'const void *' for 1st argument; remove *
  raw_ostream &operator<<(const void *P);
               ^
/project/extra/llvm/9.0.0/release/include/llvm/ADT/Optional.h:415:14: note: candidate function not viable: no known conversion from 'llvm::memoir::AccessSummary' to 'llvm::NoneType' for 2nd argument
raw_ostream &operator<<(raw_ostream &OS, NoneType);
             ^
/usr/lib/gcc/x86_64-redhat-linux/8/../../../../include/c++/8/cstddef:124:5: note: candidate function template not viable: no known conversion from 'llvm::raw_ostream' to 'std::byte' for 1st argument
    operator<<(byte __b, _IntegerType __shift) noexcept
    ^
/project/extra/llvm/9.0.0/release/include/llvm/ADT/Twine.h:535:23: note: candidate function not viable: no known conversion from 'llvm::memoir::AccessSummary' to 'const llvm::Twine' for 2nd argument
  inline raw_ostream &operator<<(raw_ostream &OS, const Twine &RHS) {
                      ^
/project/extra/llvm/9.0.0/release/include/llvm/IR/Value.h:705:21: note: candidate function not viable: no known conversion from 'llvm::memoir::AccessSummary' to 'const llvm::Value' for 2nd argument
inline raw_ostream &operator<<(raw_ostream &OS, const Value &V) {
                    ^
/project/extra/llvm/9.0.0/release/include/llvm/Support/raw_ostream.h:146:16: note: candidate function not viable: no known conversion from 'llvm::memoir::AccessSummary' to 'char' for 1st argument
  raw_ostream &operator<<(char C) {
               ^
/project/extra/llvm/9.0.0/release/include/llvm/Support/raw_ostream.h:153:16: note: candidate function not viable: no known conversion from 'llvm::memoir::AccessSummary' to 'unsigned char' for 1st argument
  raw_ostream &operator<<(unsigned char C) {
               ^
/project/extra/llvm/9.0.0/release/include/llvm/Support/raw_ostream.h:160:16: note: candidate function not viable: no known conversion from 'llvm::memoir::AccessSummary' to 'signed char' for 1st argument
  raw_ostream &operator<<(signed char C) {
               ^
/project/extra/llvm/9.0.0/release/include/llvm/Support/raw_ostream.h:167:16: note: candidate function not viable: no known conversion from 'llvm::memoir::AccessSummary' to 'llvm::StringRef' for 1st argument
  raw_ostream &operator<<(StringRef Str) {
               ^
/project/extra/llvm/9.0.0/release/include/llvm/Support/raw_ostream.h:182:16: note: candidate function not viable: no known conversion from 'llvm::memoir::AccessSummary' to 'const char *' for 1st argument
  raw_ostream &operator<<(const char *Str) {
               ^
/project/extra/llvm/9.0.0/release/include/llvm/Support/raw_ostream.h:189:16: note: candidate function not viable: no known conversion from 'llvm::memoir::AccessSummary' to 'const std::string' (aka 'const basic_string<char>') for 1st argument
  raw_ostream &operator<<(const std::string &Str) {
               ^
/project/extra/llvm/9.0.0/release/include/llvm/Support/raw_ostream.h:194:16: note: candidate function not viable: no known conversion from 'llvm::memoir::AccessSummary' to 'const SmallVectorImpl<char>' for 1st argument
  raw_ostream &operator<<(const SmallVectorImpl<char> &Str) {
               ^
/project/extra/llvm/9.0.0/release/include/llvm/Support/raw_ostream.h:198:16: note: candidate function not viable: no known conversion from 'llvm::memoir::AccessSummary' to 'unsigned long' for 1st argument
  raw_ostream &operator<<(unsigned long N);
               ^
/project/extra/llvm/9.0.0/release/include/llvm/Support/raw_ostream.h:199:16: note: candidate function not viable: no known conversion from 'llvm::memoir::AccessSummary' to 'long' for 1st argument
  raw_ostream &operator<<(long N);
               ^
/project/extra/llvm/9.0.0/release/include/llvm/Support/raw_ostream.h:200:16: note: candidate function not viable: no known conversion from 'llvm::memoir::AccessSummary' to 'unsigned long long' for 1st argument
  raw_ostream &operator<<(unsigned long long N);
               ^
/project/extra/llvm/9.0.0/release/include/llvm/Support/raw_ostream.h:201:16: note: candidate function not viable: no known conversion from 'llvm::memoir::AccessSummary' to 'long long' for 1st argument
  raw_ostream &operator<<(long long N);
               ^
/project/extra/llvm/9.0.0/release/include/llvm/Support/raw_ostream.h:204:16: note: candidate function not viable: no known conversion from 'llvm::memoir::AccessSummary' to 'unsigned int' for 1st argument
  raw_ostream &operator<<(unsigned int N) {
               ^
/project/extra/llvm/9.0.0/release/include/llvm/Support/raw_ostream.h:208:16: note: candidate function not viable: no known conversion from 'llvm::memoir::AccessSummary' to 'int' for 1st argument
  raw_ostream &operator<<(int N) {
               ^
/project/extra/llvm/9.0.0/release/include/llvm/Support/raw_ostream.h:212:16: note: candidate function not viable: no known conversion from 'llvm::memoir::AccessSummary' to 'double' for 1st argument
  raw_ostream &operator<<(double N);
               ^
/project/extra/llvm/9.0.0/release/include/llvm/Support/raw_ostream.h:229:16: note: candidate function not viable: no known conversion from 'llvm::memoir::AccessSummary' to 'const llvm::format_object_base' for 1st argument
  raw_ostream &operator<<(const format_object_base &Fmt);
               ^
/project/extra/llvm/9.0.0/release/include/llvm/Support/raw_ostream.h:232:16: note: candidate function not viable: no known conversion from 'llvm::memoir::AccessSummary' to 'const llvm::FormattedString' for 1st argument
  raw_ostream &operator<<(const FormattedString &);
               ^
/project/extra/llvm/9.0.0/release/include/llvm/Support/raw_ostream.h:235:16: note: candidate function not viable: no known conversion from 'llvm::memoir::AccessSummary' to 'const llvm::FormattedNumber' for 1st argument
  raw_ostream &operator<<(const FormattedNumber &);
               ^
/project/extra/llvm/9.0.0/release/include/llvm/Support/raw_ostream.h:238:16: note: candidate function not viable: no known conversion from 'llvm::memoir::AccessSummary' to 'const llvm::formatv_object_base' for 1st argument
  raw_ostream &operator<<(const formatv_object_base &);
               ^
/project/extra/llvm/9.0.0/release/include/llvm/Support/raw_ostream.h:241:16: note: candidate function not viable: no known conversion from 'llvm::memoir::AccessSummary' to 'const llvm::FormattedBytes' for 1st argument
  raw_ostream &operator<<(const FormattedBytes &);
               ^
/project/extra/llvm/9.0.0/release/include/llvm/IR/Metadata.h:161:21: note: candidate function not viable: no known conversion from 'llvm::memoir::AccessSummary' to 'const llvm::Metadata' for 2nd argument
inline raw_ostream &operator<<(raw_ostream &OS, const Metadata &MD) {
                    ^
/project/extra/llvm/9.0.0/release/include/llvm/ADT/APInt.h:2038:21: note: candidate function not viable: no known conversion from 'llvm::memoir::AccessSummary' to 'const llvm::APInt' for 2nd argument
inline raw_ostream &operator<<(raw_ostream &OS, const APInt &I) {
                    ^
/project/extra/llvm/9.0.0/release/include/llvm/IR/Type.h:458:21: note: candidate function not viable: no known conversion from 'llvm::memoir::AccessSummary' to 'const llvm::Type' for 2nd argument
inline raw_ostream &operator<<(raw_ostream &OS, const Type &T) {
                    ^
/project/extra/llvm/9.0.0/release/include/llvm/IR/Comdat.h:63:21: note: candidate function not viable: no known conversion from 'llvm::memoir::AccessSummary' to 'const llvm::Comdat' for 2nd argument
inline raw_ostream &operator<<(raw_ostream &OS, const Comdat &C) {
                    ^
/project/extra/llvm/9.0.0/release/include/llvm/IR/Module.h:908:21: note: candidate function not viable: no known conversion from 'llvm::memoir::AccessSummary' to 'const llvm::Module' for 2nd argument
inline raw_ostream &operator<<(raw_ostream &O, const Module &M) {
                    ^
/project/extra/llvm/9.0.0/release/include/llvm/Analysis/MemoryLocation.h:160:21: note: candidate function not viable: no known conversion from 'llvm::memoir::AccessSummary' to 'llvm::LocationSize' for 2nd argument
inline raw_ostream &operator<<(raw_ostream &OS, LocationSize Size) {
                    ^
/project/extra/llvm/9.0.0/release/include/llvm/Analysis/AliasAnalysis.h:94:14: note: candidate function not viable: no known conversion from 'llvm::memoir::AccessSummary' to 'llvm::AliasResult' for 2nd argument
raw_ostream &operator<<(raw_ostream &OS, AliasResult AR);
             ^
/project/extra/llvm/9.0.0/release/include/llvm/Support/BranchProbability.h:200:21: note: candidate function not viable: no known conversion from 'llvm::memoir::AccessSummary' to 'llvm::BranchProbability' for 2nd argument
inline raw_ostream &operator<<(raw_ostream &OS, BranchProbability Prob) {
                    ^
/project/extra/llvm/9.0.0/release/include/llvm/Support/Chrono.h:59:14: note: candidate function not viable: no known conversion from 'llvm::memoir::AccessSummary' to 'sys::TimePoint<>' (aka 'time_point<std::chrono::system_clock, std::chrono::duration<long, std::ratio<1, 1000000000> > >') for 2nd argument
raw_ostream &operator<<(raw_ostream &OS, sys::TimePoint<> TP);
             ^
/project/extra/llvm/9.0.0/release/include/llvm/IR/ConstantRange.h:459:21: note: candidate function not viable: no known conversion from 'llvm::memoir::AccessSummary' to 'const llvm::ConstantRange' for 2nd argument
inline raw_ostream &operator<<(raw_ostream &OS, const ConstantRange &CR) {
                    ^
/project/extra/llvm/9.0.0/release/include/llvm/Analysis/ScalarEvolution.h:180:21: note: candidate function not viable: no known conversion from 'llvm::memoir::AccessSummary' to 'const llvm::SCEV' for 2nd argument
inline raw_ostream &operator<<(raw_ostream &OS, const SCEV &S) {
                    ^
/project/extra/llvm/9.0.0/release/include/llvm/Analysis/ScalarEvolution.h:239:21: note: candidate function not viable: no known conversion from 'llvm::memoir::AccessSummary' to 'const llvm::SCEVPredicate' for 2nd argument
inline raw_ostream &operator<<(raw_ostream &OS, const SCEVPredicate &P) {
                    ^
/nfs-scratch/jtm2066/object-ir/dev/compiler/passes/common/analysis/AccessAnalysis.hpp:213:24: note: candidate function not viable: no known conversion from 'llvm::raw_ostream' to 'std::ostream &' (aka 'basic_ostream<char> &') for 1st argument
  friend std::ostream &operator<<(std::ostream &os, const AccessSummary &as);
                       ^
/project/extra/llvm/9.0.0/release/include/llvm/ADT/Optional.h:419:14: note: candidate template ignored: could not match 'Optional<type-parameter-0-0>' against 'llvm::memoir::AccessSummary'
raw_ostream &operator<<(raw_ostream &OS, const Optional<T> &O) {
             ^
/usr/lib/gcc/x86_64-redhat-linux/8/../../../../include/c++/8/system_error:217:5: note: candidate template ignored: could not match 'basic_ostream<type-parameter-0-0, type-parameter-0-1>' against 'llvm::raw_ostream'
    operator<<(basic_ostream<_CharT, _Traits>& __os, const error_code& __e)
    ^
/usr/lib/gcc/x86_64-redhat-linux/8/../../../../include/c++/8/ostream:500:5: note: candidate template ignored: could not match 'basic_ostream<type-parameter-0-0, type-parameter-0-1>' against 'llvm::raw_ostream'
    operator<<(basic_ostream<_CharT, _Traits>& __out, _CharT __c)
    ^
/usr/lib/gcc/x86_64-redhat-linux/8/../../../../include/c++/8/ostream:505:5: note: candidate template ignored: could not match 'basic_ostream<type-parameter-0-0, type-parameter-0-1>' against 'llvm::raw_ostream'
    operator<<(basic_ostream<_CharT, _Traits>& __out, char __c)
    ^
/usr/lib/gcc/x86_64-redhat-linux/8/../../../../include/c++/8/ostream:511:5: note: candidate template ignored: could not match 'basic_ostream<char, type-parameter-0-0>' against 'llvm::raw_ostream'
    operator<<(basic_ostream<char, _Traits>& __out, char __c)
    ^
/usr/lib/gcc/x86_64-redhat-linux/8/../../../../include/c++/8/ostream:517:5: note: candidate template ignored: could not match 'basic_ostream<char, type-parameter-0-0>' against 'llvm::raw_ostream'
    operator<<(basic_ostream<char, _Traits>& __out, signed char __c)
    ^
/usr/lib/gcc/x86_64-redhat-linux/8/../../../../include/c++/8/ostream:522:5: note: candidate template ignored: could not match 'basic_ostream<char, type-parameter-0-0>' against 'llvm::raw_ostream'
    operator<<(basic_ostream<char, _Traits>& __out, unsigned char __c)
    ^
/usr/lib/gcc/x86_64-redhat-linux/8/../../../../include/c++/8/ostream:542:5: note: candidate template ignored: could not match 'basic_ostream<type-parameter-0-0, type-parameter-0-1>' against 'llvm::raw_ostream'
    operator<<(basic_ostream<_CharT, _Traits>& __out, const _CharT* __s)
    ^
/usr/lib/gcc/x86_64-redhat-linux/8/../../../../include/c++/8/ostream:559:5: note: candidate template ignored: could not match 'basic_ostream<char, type-parameter-0-0>' against 'llvm::raw_ostream'
    operator<<(basic_ostream<char, _Traits>& __out, const char* __s)
    ^
/usr/lib/gcc/x86_64-redhat-linux/8/../../../../include/c++/8/ostream:572:5: note: candidate template ignored: could not match 'basic_ostream<char, type-parameter-0-0>' against 'llvm::raw_ostream'
    operator<<(basic_ostream<char, _Traits>& __out, const signed char* __s)
    ^
/usr/lib/gcc/x86_64-redhat-linux/8/../../../../include/c++/8/ostream:577:5: note: candidate template ignored: could not match 'basic_ostream<char, type-parameter-0-0>' against 'llvm::raw_ostream'
    operator<<(basic_ostream<char, _Traits>& __out, const unsigned char* __s)
    ^
/usr/lib/gcc/x86_64-redhat-linux/8/../../../../include/c++/8/bits/ostream.tcc:321:5: note: candidate template ignored: could not match 'basic_ostream<type-parameter-0-0, type-parameter-0-1>' against 'llvm::raw_ostream'
    operator<<(basic_ostream<_CharT, _Traits>& __out, const char* __s)
    ^
/project/extra/llvm/9.0.0/release/include/llvm/Support/GenericDomTree.h:167:14: note: candidate template ignored: could not match 'const DomTreeNodeBase<NodeT> *' against 'llvm::memoir::AccessSummary'
raw_ostream &operator<<(raw_ostream &O, const DomTreeNodeBase<NodeT> *Node) {
             ^
/usr/lib/gcc/x86_64-redhat-linux/8/../../../../include/c++/8/ostream:685:5: note: candidate template ignored: requirement '__and_<std::__not_<std::is_lvalue_reference<llvm::raw_ostream &> >, std::__is_convertible_to_basic_ostream<llvm::raw_ostream &>, std::__is_insertable<void, const llvm::memoir::AccessSummary &, void> >::value' was not satisfied [with _Ostream = llvm::raw_ostream &, _Tp = llvm::memoir::AccessSummary]
    operator<<(_Ostream&& __os, const _Tp& __x)
    ^
/project/extra/llvm/9.0.0/release/include/llvm/IR/DiagnosticInfo.h:531:1: note: candidate template ignored: requirement 'std::is_base_of<llvm::DiagnosticInfoOptimizationBase, llvm::raw_ostream>::value' was not satisfied [with RemarkT = llvm::raw_ostream]
operator<<(RemarkT &R,
^
/project/extra/llvm/9.0.0/release/include/llvm/IR/DiagnosticInfo.h:543:1: note: candidate template ignored: requirement 'std::is_base_of<llvm::DiagnosticInfoOptimizationBase, llvm::raw_ostream &>::value' was not satisfied [with RemarkT = llvm::raw_ostream &]
operator<<(RemarkT &&R,
^
/project/extra/llvm/9.0.0/release/include/llvm/IR/DiagnosticInfo.h:553:1: note: candidate template ignored: requirement 'std::is_base_of<llvm::DiagnosticInfoOptimizationBase, llvm::raw_ostream>::value' was not satisfied [with RemarkT = llvm::raw_ostream]
operator<<(RemarkT &R,
^
/project/extra/llvm/9.0.0/release/include/llvm/IR/DiagnosticInfo.h:563:1: note: candidate template ignored: requirement 'std::is_base_of<llvm::DiagnosticInfoOptimizationBase, llvm::raw_ostream &>::value' was not satisfied [with RemarkT = llvm::raw_ostream &]
operator<<(RemarkT &&R,
^
/project/extra/llvm/9.0.0/release/include/llvm/IR/DiagnosticInfo.h:573:1: note: candidate template ignored: requirement 'std::is_base_of<llvm::DiagnosticInfoOptimizationBase, llvm::raw_ostream>::value' was not satisfied [with RemarkT = llvm::raw_ostream]
operator<<(RemarkT &R,
^
/project/extra/llvm/9.0.0/release/include/llvm/IR/DiagnosticInfo.h:583:1: note: candidate template ignored: requirement 'std::is_base_of<llvm::DiagnosticInfoOptimizationBase, llvm::raw_ostream &>::value' was not satisfied [with RemarkT = llvm::raw_ostream &]
operator<<(RemarkT &&R,
^
/project/extra/llvm/9.0.0/release/include/llvm/IR/DiagnosticInfo.h:593:1: note: candidate template ignored: requirement 'std::is_base_of<llvm::DiagnosticInfoOptimizationBase, llvm::raw_ostream>::value' was not satisfied [with RemarkT = llvm::raw_ostream]
operator<<(RemarkT &R,
^
/usr/lib/gcc/x86_64-redhat-linux/8/../../../../include/c++/8/string_view:542:5: note: candidate template ignored: could not match 'basic_ostream<type-parameter-0-0, type-parameter-0-1>' against 'llvm::raw_ostream'
    operator<<(basic_ostream<_CharT, _Traits>& __os,
    ^
/usr/lib/gcc/x86_64-redhat-linux/8/../../../../include/c++/8/bits/basic_string.h:6327:5: note: candidate template ignored: could not match 'basic_ostream<type-parameter-0-0, type-parameter-0-1>' against 'llvm::raw_ostream'
    operator<<(basic_ostream<_CharT, _Traits>& __os,
    ^
/usr/lib/gcc/x86_64-redhat-linux/8/../../../../include/c++/8/bits/shared_ptr.h:66:5: note: candidate template ignored: could not match 'basic_ostream<type-parameter-0-0, type-parameter-0-1>' against 'llvm::raw_ostream'
    operator<<(std::basic_ostream<_Ch, _Tr>& __os,
    ^
/usr/lib/gcc/x86_64-redhat-linux/8/../../../../include/c++/8/bitset:1534:5: note: candidate template ignored: could not match 'basic_ostream<type-parameter-0-0, type-parameter-0-1>' against 'llvm::raw_ostream'
    operator<<(std::basic_ostream<_CharT, _Traits>& __os,
    ^
/usr/lib/gcc/x86_64-redhat-linux/8/../../../../include/c++/8/thread:323:5: note: candidate template ignored: could not match 'basic_ostream<type-parameter-0-0, type-parameter-0-1>' against 'llvm::raw_ostream'
    operator<<(basic_ostream<_CharT, _Traits>& __out, thread::id __id)
    ^
/project/extra/llvm/9.0.0/release/include/llvm/Analysis/LoopInfo.h:496:14: note: candidate template ignored: could not match 'LoopBase<type-parameter-0-0, type-parameter-0-1>' against 'llvm::memoir::AccessSummary'
raw_ostream &operator<<(raw_ostream &OS, const LoopBase<BlockT, LoopT> &Loop) {
             ^
4 errors generated.
make[3]: *** [compiler/passes/example/CMakeFiles/Example.dir/build.make:76: compiler/passes/example/CMakeFiles/Example.dir/src/Pass.cpp.o] Error 1
make[3]: Leaving directory '/nfs-scratch/jtm2066/object-ir/dev/.build.dir'
make[2]: *** [CMakeFiles/Makefile2:821: compiler/passes/example/CMakeFiles/Example.dir/all] Error 2
make[2]: Leaving directory '/nfs-scratch/jtm2066/object-ir/dev/.build.dir'
make[1]: *** [Makefile:136: all] Error 2
make[1]: Leaving directory '/nfs-scratch/jtm2066/object-ir/dev/.build.dir'
make: *** [Makefile:15: build] Error 2
make: Leaving directory '/nfs-scratch/jtm2066/object-ir/dev'
